0 verbose cli /opt/homebrew/Cellar/node@22/22.19.0/bin/node /opt/homebrew/opt/node@22/bin/npm
1 info using npm@10.9.3
2 info using node@v22.19.0
3 silly config load:file:/opt/homebrew/Cellar/node@22/22.19.0/lib/node_modules/npm/npmrc
4 silly config load:file:/Users/michaelfuby/Documents/Development/Plexus-Mesh/plexus-mesh/plexus-ui/.npmrc
5 silly config load:file:/Users/michaelfuby/.npmrc
6 silly config load:file:/opt/homebrew/etc/npmrc
7 verbose title npm install
8 verbose argv "install" "--legacy-peer-deps" "--force" "--cache" ".npm-cache"
9 verbose logfile logs-max:10 dir:/Users/michaelfuby/Documents/Development/Plexus-Mesh/plexus-mesh/plexus-ui/.npm-cache/_logs/2026-01-30T10_30_22_536Z-
10 verbose logfile /Users/michaelfuby/Documents/Development/Plexus-Mesh/plexus-mesh/plexus-ui/.npm-cache/_logs/2026-01-30T10_30_22_536Z-debug-0.log
11 warn using --force Recommended protections disabled.
12 silly logfile start cleaning logs, removing 1 files
13 silly packumentCache heap:4345298944 maxSize:1086324736 maxEntrySize:543162368
14 silly logfile done cleaning log files
15 silly idealTree buildDeps
16 silly reify moves {}
17 silly audit bulk request {
17 silly audit   '@alloc/quick-lru': [ '5.2.0' ],
17 silly audit   '@babel/code-frame': [ '7.28.6' ],
17 silly audit   '@babel/compat-data': [ '7.28.6' ],
17 silly audit   '@babel/core': [ '7.28.6' ],
17 silly audit   semver: [ '6.3.1', '7.7.3' ],
17 silly audit   '@babel/generator': [ '7.28.6' ],
17 silly audit   '@babel/helper-compilation-targets': [ '7.28.6' ],
17 silly audit   '@babel/helper-globals': [ '7.28.0' ],
17 silly audit   '@babel/helper-module-imports': [ '7.28.6' ],
17 silly audit   '@babel/helper-module-transforms': [ '7.28.6' ],
17 silly audit   '@babel/helper-plugin-utils': [ '7.28.6' ],
17 silly audit   '@babel/helper-string-parser': [ '7.27.1' ],
17 silly audit   '@babel/helper-validator-identifier': [ '7.28.5' ],
17 silly audit   '@babel/helper-validator-option': [ '7.27.1' ],
17 silly audit   '@babel/helpers': [ '7.28.6' ],
17 silly audit   '@babel/parser': [ '7.28.6' ],
17 silly audit   '@babel/plugin-transform-react-jsx-self': [ '7.27.1' ],
17 silly audit   '@babel/plugin-transform-react-jsx-source': [ '7.27.1' ],
17 silly audit   '@babel/template': [ '7.28.6' ],
17 silly audit   '@babel/traverse': [ '7.28.6' ],
17 silly audit   '@babel/types': [ '7.28.6' ],
17 silly audit   '@esbuild/android-arm': [ '0.18.20' ],
17 silly audit   '@esbuild/android-arm64': [ '0.18.20' ],
17 silly audit   '@esbuild/android-x64': [ '0.18.20' ],
17 silly audit   '@esbuild/darwin-arm64': [ '0.18.20' ],
17 silly audit   '@esbuild/darwin-x64': [ '0.18.20' ],
17 silly audit   '@esbuild/freebsd-arm64': [ '0.18.20' ],
17 silly audit   '@esbuild/freebsd-x64': [ '0.18.20' ],
17 silly audit   '@esbuild/linux-arm': [ '0.18.20' ],
17 silly audit   '@esbuild/linux-arm64': [ '0.18.20' ],
17 silly audit   '@esbuild/linux-ia32': [ '0.18.20' ],
17 silly audit   '@esbuild/linux-loong64': [ '0.18.20' ],
17 silly audit   '@esbuild/linux-mips64el': [ '0.18.20' ],
17 silly audit   '@esbuild/linux-ppc64': [ '0.18.20' ],
17 silly audit   '@esbuild/linux-riscv64': [ '0.18.20' ],
17 silly audit   '@esbuild/linux-s390x': [ '0.18.20' ],
17 silly audit   '@esbuild/linux-x64': [ '0.18.20' ],
17 silly audit   '@esbuild/netbsd-x64': [ '0.18.20' ],
17 silly audit   '@esbuild/openbsd-x64': [ '0.18.20' ],
17 silly audit   '@esbuild/sunos-x64': [ '0.18.20' ],
17 silly audit   '@esbuild/win32-arm64': [ '0.18.20' ],
17 silly audit   '@esbuild/win32-ia32': [ '0.18.20' ],
17 silly audit   '@esbuild/win32-x64': [ '0.18.20' ],
17 silly audit   '@jridgewell/gen-mapping': [ '0.3.13' ],
17 silly audit   '@jridgewell/remapping': [ '2.3.5' ],
17 silly audit   '@jridgewell/resolve-uri': [ '3.1.2' ],
17 silly audit   '@jridgewell/sourcemap-codec': [ '1.5.5' ],
17 silly audit   '@jridgewell/trace-mapping': [ '0.3.31' ],
17 silly audit   '@nodelib/fs.scandir': [ '2.1.5' ],
17 silly audit   '@nodelib/fs.stat': [ '2.0.5' ],
17 silly audit   '@nodelib/fs.walk': [ '1.2.8' ],
17 silly audit   '@rolldown/pluginutils': [ '1.0.0-beta.27' ],
17 silly audit   '@tauri-apps/api': [ '1.6.0' ],
17 silly audit   '@tauri-apps/cli': [ '1.6.3' ],
17 silly audit   '@tauri-apps/cli-darwin-arm64': [ '1.6.3' ],
17 silly audit   '@tauri-apps/cli-darwin-x64': [ '1.6.3' ],
17 silly audit   '@tauri-apps/cli-linux-arm-gnueabihf': [ '1.6.3' ],
17 silly audit   '@tauri-apps/cli-linux-arm64-gnu': [ '1.6.3' ],
17 silly audit   '@tauri-apps/cli-linux-arm64-musl': [ '1.6.3' ],
17 silly audit   '@tauri-apps/cli-linux-x64-gnu': [ '1.6.3' ],
17 silly audit   '@tauri-apps/cli-linux-x64-musl': [ '1.6.3' ],
17 silly audit   '@tauri-apps/cli-win32-arm64-msvc': [ '1.6.3' ],
17 silly audit   '@tauri-apps/cli-win32-ia32-msvc': [ '1.6.3' ],
17 silly audit   '@tauri-apps/cli-win32-x64-msvc': [ '1.6.3' ],
17 silly audit   '@types/babel__core': [ '7.20.5' ],
17 silly audit   '@types/babel__generator': [ '7.27.0' ],
17 silly audit   '@types/babel__template': [ '7.4.4' ],
17 silly audit   '@types/babel__traverse': [ '7.28.0' ],
17 silly audit   '@types/prop-types': [ '15.7.15' ],
17 silly audit   '@types/react': [ '18.3.27' ],
17 silly audit   '@types/react-dom': [ '18.3.7' ],
17 silly audit   '@vitejs/plugin-react': [ '4.7.0' ],
17 silly audit   'any-promise': [ '1.3.0' ],
17 silly audit   anymatch: [ '3.1.3' ],
17 silly audit   arg: [ '5.0.2' ],
17 silly audit   autoprefixer: [ '10.4.23' ],
17 silly audit   'baseline-browser-mapping': [ '2.9.19' ],
17 silly audit   'binary-extensions': [ '2.3.0' ],
17 silly audit   braces: [ '3.0.3' ],
17 silly audit   browserslist: [ '4.28.1' ],
17 silly audit   'camelcase-css': [ '2.0.1' ],
17 silly audit   'caniuse-lite': [ '1.0.30001766' ],
17 silly audit   chokidar: [ '3.6.0' ],
17 silly audit   'glob-parent': [ '5.1.2', '6.0.2' ],
17 silly audit   commander: [ '4.1.1' ],
17 silly audit   'convert-source-map': [ '2.0.0' ],
17 silly audit   cssesc: [ '3.0.0' ],
17 silly audit   csstype: [ '3.2.3' ],
17 silly audit   debug: [ '4.4.3' ],
17 silly audit   didyoumean: [ '1.2.2' ],
17 silly audit   dlv: [ '1.1.3' ],
17 silly audit   'electron-to-chromium': [ '1.5.282' ],
17 silly audit   esbuild: [ '0.18.20' ],
17 silly audit   escalade: [ '3.2.0' ],
17 silly audit   'fast-glob': [ '3.3.3' ],
17 silly audit   fastq: [ '1.20.1' ],
17 silly audit   fdir: [ '6.5.0' ],
17 silly audit   'fill-range': [ '7.1.1' ],
17 silly audit   'fraction.js': [ '5.3.4' ],
17 silly audit   fsevents: [ '2.3.3' ],
17 silly audit   'function-bind': [ '1.1.2' ],
17 silly audit   gensync: [ '1.0.0-beta.2' ],
17 silly audit   hasown: [ '2.0.2' ],
17 silly audit   'is-binary-path': [ '2.1.0' ],
17 silly audit   'is-core-module': [ '2.16.1' ],
17 silly audit   'is-extglob': [ '2.1.1' ],
17 silly audit   'is-glob': [ '4.0.3' ],
17 silly audit   'is-number': [ '7.0.0' ],
17 silly audit   jiti: [ '1.21.7' ],
17 silly audit   'js-tokens': [ '4.0.0' ],
17 silly audit   jsesc: [ '3.1.0' ],
17 silly audit   json5: [ '2.2.3' ],
17 silly audit   lilconfig: [ '3.1.3' ],
17 silly audit   'lines-and-columns': [ '1.2.4' ],
17 silly audit   'loose-envify': [ '1.4.0' ],
17 silly audit   'lru-cache': [ '5.1.1' ],
17 silly audit   merge2: [ '1.4.1' ],
17 silly audit   micromatch: [ '4.0.8' ],
17 silly audit   ms: [ '2.1.3' ],
17 silly audit   mz: [ '2.7.0' ],
17 silly audit   nanoid: [ '3.3.11' ],
17 silly audit   'node-releases': [ '2.0.27' ],
17 silly audit   'normalize-path': [ '3.0.0' ],
17 silly audit   'object-assign': [ '4.1.1' ],
17 silly audit   'object-hash': [ '3.0.0' ],
17 silly audit   'path-parse': [ '1.0.7' ],
17 silly audit   picocolors: [ '1.1.1' ],
17 silly audit   picomatch: [ '2.3.1', '4.0.3' ],
17 silly audit   pify: [ '2.3.0' ],
17 silly audit   pirates: [ '4.0.7' ],
17 silly audit   postcss: [ '8.5.6' ],
17 silly audit   'postcss-import': [ '15.1.0' ],
17 silly audit   'postcss-js': [ '4.1.0' ],
17 silly audit   'postcss-load-config': [ '6.0.1' ],
17 silly audit   'postcss-nested': [ '6.2.0' ],
17 silly audit   'postcss-selector-parser': [ '6.1.2' ],
17 silly audit   'postcss-value-parser': [ '4.2.0' ],
17 silly audit   'queue-microtask': [ '1.2.3' ],
17 silly audit   react: [ '18.3.1' ],
17 silly audit   'react-dom': [ '18.3.1' ],
17 silly audit   'react-refresh': [ '0.17.0' ],
17 silly audit   'read-cache': [ '1.0.0' ],
17 silly audit   readdirp: [ '3.6.0' ],
17 silly audit   resolve: [ '1.22.11' ],
17 silly audit   reusify: [ '1.1.0' ],
17 silly audit   rollup: [ '3.29.5' ],
17 silly audit   'run-parallel': [ '1.2.0' ],
17 silly audit   scheduler: [ '0.23.2' ],
17 silly audit   'source-map-js': [ '1.2.1' ],
17 silly audit   sucrase: [ '3.35.1' ],
17 silly audit   'supports-preserve-symlinks-flag': [ '1.0.0' ],
17 silly audit   tailwindcss: [ '3.4.19' ],
17 silly audit   thenify: [ '3.3.1' ],
17 silly audit   'thenify-all': [ '1.6.0' ],
17 silly audit   tinyglobby: [ '0.2.15' ],
17 silly audit   'to-regex-range': [ '5.0.1' ],
17 silly audit   'ts-interface-checker': [ '0.1.13' ],
17 silly audit   typescript: [ '5.9.3' ],
17 silly audit   'update-browserslist-db': [ '1.2.3' ],
17 silly audit   'util-deprecate': [ '1.0.2' ],
17 silly audit   vite: [ '4.5.14' ],
17 silly audit   yallist: [ '3.1.1' ]
17 silly audit }
18 verbose reify failed optional dependency /Users/michaelfuby/Documents/Development/Plexus-Mesh/plexus-mesh/plexus-ui/node_modules/@tauri-apps/cli-win32-x64-msvc
19 silly reify mark deleted [
19 silly reify   '/Users/michaelfuby/Documents/Development/Plexus-Mesh/plexus-mesh/plexus-ui/node_modules/@tauri-apps/cli-win32-x64-msvc'
19 silly reify ]
20 verbose reify failed optional dependency /Users/michaelfuby/Documents/Development/Plexus-Mesh/plexus-mesh/plexus-ui/node_modules/@tauri-apps/cli-win32-ia32-msvc
21 silly reify mark deleted [
21 silly reify   '/Users/michaelfuby/Documents/Development/Plexus-Mesh/plexus-mesh/plexus-ui/node_modules/@tauri-apps/cli-win32-ia32-msvc'
21 silly reify ]
22 verbose reify failed optional dependency /Users/michaelfuby/Documents/Development/Plexus-Mesh/plexus-mesh/plexus-ui/node_modules/@tauri-apps/cli-win32-arm64-msvc
23 silly reify mark deleted [
23 silly reify   '/Users/michaelfuby/Documents/Development/Plexus-Mesh/plexus-mesh/plexus-ui/node_modules/@tauri-apps/cli-win32-arm64-msvc'
23 silly reify ]
24 verbose reify failed optional dependency /Users/michaelfuby/Documents/Development/Plexus-Mesh/plexus-mesh/plexus-ui/node_modules/@tauri-apps/cli-linux-x64-musl
25 silly reify mark deleted [
25 silly reify   '/Users/michaelfuby/Documents/Development/Plexus-Mesh/plexus-mesh/plexus-ui/node_modules/@tauri-apps/cli-linux-x64-musl'
25 silly reify ]
26 verbose reify failed optional dependency /Users/michaelfuby/Documents/Development/Plexus-Mesh/plexus-mesh/plexus-ui/node_modules/@tauri-apps/cli-linux-x64-gnu
27 silly reify mark deleted [
27 silly reify   '/Users/michaelfuby/Documents/Development/Plexus-Mesh/plexus-mesh/plexus-ui/node_modules/@tauri-apps/cli-linux-x64-gnu'
27 silly reify ]
28 verbose reify failed optional dependency /Users/michaelfuby/Documents/Development/Plexus-Mesh/plexus-mesh/plexus-ui/node_modules/@tauri-apps/cli-linux-arm64-musl
29 silly reify mark deleted [
29 silly reify   '/Users/michaelfuby/Documents/Development/Plexus-Mesh/plexus-mesh/plexus-ui/node_modules/@tauri-apps/cli-linux-arm64-musl'
29 silly reify ]
30 verbose reify failed optional dependency /Users/michaelfuby/Documents/Development/Plexus-Mesh/plexus-mesh/plexus-ui/node_modules/@tauri-apps/cli-linux-arm64-gnu
31 silly reify mark deleted [
31 silly reify   '/Users/michaelfuby/Documents/Development/Plexus-Mesh/plexus-mesh/plexus-ui/node_modules/@tauri-apps/cli-linux-arm64-gnu'
31 silly reify ]
32 verbose reify failed optional dependency /Users/michaelfuby/Documents/Development/Plexus-Mesh/plexus-mesh/plexus-ui/node_modules/@tauri-apps/cli-linux-arm-gnueabihf
33 silly reify mark deleted [
33 silly reify   '/Users/michaelfuby/Documents/Development/Plexus-Mesh/plexus-mesh/plexus-ui/node_modules/@tauri-apps/cli-linux-arm-gnueabihf'
33 silly reify ]
34 verbose reify failed optional dependency /Users/michaelfuby/Documents/Development/Plexus-Mesh/plexus-mesh/plexus-ui/node_modules/@tauri-apps/cli-darwin-x64
35 silly reify mark deleted [
35 silly reify   '/Users/michaelfuby/Documents/Development/Plexus-Mesh/plexus-mesh/plexus-ui/node_modules/@tauri-apps/cli-darwin-x64'
35 silly reify ]
36 verbose reify failed optional dependency /Users/michaelfuby/Documents/Development/Plexus-Mesh/plexus-mesh/plexus-ui/node_modules/@esbuild/win32-x64
37 silly reify mark deleted [
37 silly reify   '/Users/michaelfuby/Documents/Development/Plexus-Mesh/plexus-mesh/plexus-ui/node_modules/@esbuild/win32-x64'
37 silly reify ]
38 verbose reify failed optional dependency /Users/michaelfuby/Documents/Development/Plexus-Mesh/plexus-mesh/plexus-ui/node_modules/@esbuild/win32-ia32
39 silly reify mark deleted [
39 silly reify   '/Users/michaelfuby/Documents/Development/Plexus-Mesh/plexus-mesh/plexus-ui/node_modules/@esbuild/win32-ia32'
39 silly reify ]
40 verbose reify failed optional dependency /Users/michaelfuby/Documents/Development/Plexus-Mesh/plexus-mesh/plexus-ui/node_modules/@esbuild/win32-arm64
41 silly reify mark deleted [
41 silly reify   '/Users/michaelfuby/Documents/Development/Plexus-Mesh/plexus-mesh/plexus-ui/node_modules/@esbuild/win32-arm64'
41 silly reify ]
42 verbose reify failed optional dependency /Users/michaelfuby/Documents/Development/Plexus-Mesh/plexus-mesh/plexus-ui/node_modules/@esbuild/sunos-x64
43 silly reify mark deleted [
43 silly reify   '/Users/michaelfuby/Documents/Development/Plexus-Mesh/plexus-mesh/plexus-ui/node_modules/@esbuild/sunos-x64'
43 silly reify ]
44 verbose reify failed optional dependency /Users/michaelfuby/Documents/Development/Plexus-Mesh/plexus-mesh/plexus-ui/node_modules/@esbuild/openbsd-x64
45 silly reify mark deleted [
45 silly reify   '/Users/michaelfuby/Documents/Development/Plexus-Mesh/plexus-mesh/plexus-ui/node_modules/@esbuild/openbsd-x64'
45 silly reify ]
46 verbose reify failed optional dependency /Users/michaelfuby/Documents/Development/Plexus-Mesh/plexus-mesh/plexus-ui/node_modules/@esbuild/netbsd-x64
47 silly reify mark deleted [
47 silly reify   '/Users/michaelfuby/Documents/Development/Plexus-Mesh/plexus-mesh/plexus-ui/node_modules/@esbuild/netbsd-x64'
47 silly reify ]
48 verbose reify failed optional dependency /Users/michaelfuby/Documents/Development/Plexus-Mesh/plexus-mesh/plexus-ui/node_modules/@esbuild/linux-x64
49 silly reify mark deleted [
49 silly reify   '/Users/michaelfuby/Documents/Development/Plexus-Mesh/plexus-mesh/plexus-ui/node_modules/@esbuild/linux-x64'
49 silly reify ]
50 verbose reify failed optional dependency /Users/michaelfuby/Documents/Development/Plexus-Mesh/plexus-mesh/plexus-ui/node_modules/@esbuild/linux-s390x
51 silly reify mark deleted [
51 silly reify   '/Users/michaelfuby/Documents/Development/Plexus-Mesh/plexus-mesh/plexus-ui/node_modules/@esbuild/linux-s390x'
51 silly reify ]
52 verbose reify failed optional dependency /Users/michaelfuby/Documents/Development/Plexus-Mesh/plexus-mesh/plexus-ui/node_modules/@esbuild/linux-riscv64
53 silly reify mark deleted [
53 silly reify   '/Users/michaelfuby/Documents/Development/Plexus-Mesh/plexus-mesh/plexus-ui/node_modules/@esbuild/linux-riscv64'
53 silly reify ]
54 verbose reify failed optional dependency /Users/michaelfuby/Documents/Development/Plexus-Mesh/plexus-mesh/plexus-ui/node_modules/@esbuild/linux-ppc64
55 silly reify mark deleted [
55 silly reify   '/Users/michaelfuby/Documents/Development/Plexus-Mesh/plexus-mesh/plexus-ui/node_modules/@esbuild/linux-ppc64'
55 silly reify ]
56 verbose reify failed optional dependency /Users/michaelfuby/Documents/Development/Plexus-Mesh/plexus-mesh/plexus-ui/node_modules/@esbuild/linux-mips64el
57 silly reify mark deleted [
57 silly reify   '/Users/michaelfuby/Documents/Development/Plexus-Mesh/plexus-mesh/plexus-ui/node_modules/@esbuild/linux-mips64el'
57 silly reify ]
58 verbose reify failed optional dependency /Users/michaelfuby/Documents/Development/Plexus-Mesh/plexus-mesh/plexus-ui/node_modules/@esbuild/linux-loong64
59 silly reify mark deleted [
59 silly reify   '/Users/michaelfuby/Documents/Development/Plexus-Mesh/plexus-mesh/plexus-ui/node_modules/@esbuild/linux-loong64'
59 silly reify ]
60 verbose reify failed optional dependency /Users/michaelfuby/Documents/Development/Plexus-Mesh/plexus-mesh/plexus-ui/node_modules/@esbuild/linux-ia32
61 silly reify mark deleted [
61 silly reify   '/Users/michaelfuby/Documents/Development/Plexus-Mesh/plexus-mesh/plexus-ui/node_modules/@esbuild/linux-ia32'
61 silly reify ]
62 verbose reify failed optional dependency /Users/michaelfuby/Documents/Development/Plexus-Mesh/plexus-mesh/plexus-ui/node_modules/@esbuild/linux-arm64
63 silly reify mark deleted [
63 silly reify   '/Users/michaelfuby/Documents/Development/Plexus-Mesh/plexus-mesh/plexus-ui/node_modules/@esbuild/linux-arm64'
63 silly reify ]
64 verbose reify failed optional dependency /Users/michaelfuby/Documents/Development/Plexus-Mesh/plexus-mesh/plexus-ui/node_modules/@esbuild/linux-arm
65 silly reify mark deleted [
65 silly reify   '/Users/michaelfuby/Documents/Development/Plexus-Mesh/plexus-mesh/plexus-ui/node_modules/@esbuild/linux-arm'
65 silly reify ]
66 verbose reify failed optional dependency /Users/michaelfuby/Documents/Development/Plexus-Mesh/plexus-mesh/plexus-ui/node_modules/@esbuild/freebsd-x64
67 silly reify mark deleted [
67 silly reify   '/Users/michaelfuby/Documents/Development/Plexus-Mesh/plexus-mesh/plexus-ui/node_modules/@esbuild/freebsd-x64'
67 silly reify ]
68 verbose reify failed optional dependency /Users/michaelfuby/Documents/Development/Plexus-Mesh/plexus-mesh/plexus-ui/node_modules/@esbuild/freebsd-arm64
69 silly reify mark deleted [
69 silly reify   '/Users/michaelfuby/Documents/Development/Plexus-Mesh/plexus-mesh/plexus-ui/node_modules/@esbuild/freebsd-arm64'
69 silly reify ]
70 verbose reify failed optional dependency /Users/michaelfuby/Documents/Development/Plexus-Mesh/plexus-mesh/plexus-ui/node_modules/@esbuild/darwin-x64
71 silly reify mark deleted [
71 silly reify   '/Users/michaelfuby/Documents/Development/Plexus-Mesh/plexus-mesh/plexus-ui/node_modules/@esbuild/darwin-x64'
71 silly reify ]
72 verbose reify failed optional dependency /Users/michaelfuby/Documents/Development/Plexus-Mesh/plexus-mesh/plexus-ui/node_modules/@esbuild/android-x64
73 silly reify mark deleted [
73 silly reify   '/Users/michaelfuby/Documents/Development/Plexus-Mesh/plexus-mesh/plexus-ui/node_modules/@esbuild/android-x64'
73 silly reify ]
74 verbose reify failed optional dependency /Users/michaelfuby/Documents/Development/Plexus-Mesh/plexus-mesh/plexus-ui/node_modules/@esbuild/android-arm64
75 silly reify mark deleted [
75 silly reify   '/Users/michaelfuby/Documents/Development/Plexus-Mesh/plexus-mesh/plexus-ui/node_modules/@esbuild/android-arm64'
75 silly reify ]
76 verbose reify failed optional dependency /Users/michaelfuby/Documents/Development/Plexus-Mesh/plexus-mesh/plexus-ui/node_modules/@esbuild/android-arm
77 silly reify mark deleted [
77 silly reify   '/Users/michaelfuby/Documents/Development/Plexus-Mesh/plexus-mesh/plexus-ui/node_modules/@esbuild/android-arm'
77 silly reify ]
78 http fetch POST 200 https://registry.npmjs.org/-/npm/v1/security/advisories/bulk 349ms
79 silly audit report {
79 silly audit report   esbuild: [
79 silly audit report     {
79 silly audit report       id: 1102341,
79 silly audit report       url: 'https://github.com/advisories/GHSA-67mh-4wv8-2f99',
79 silly audit report       title: 'esbuild enables any website to send any requests to the development server and read the response',
79 silly audit report       severity: 'moderate',
79 silly audit report       vulnerable_versions: '<=0.24.2',
79 silly audit report       cwe: [Array],
79 silly audit report       cvss: [Object]
79 silly audit report     }
79 silly audit report   ],
79 silly audit report   vite: [
79 silly audit report     {
79 silly audit report       id: 1107323,
79 silly audit report       url: 'https://github.com/advisories/GHSA-g4jq-h2w9-997c',
79 silly audit report       title: 'Vite middleware may serve files starting with the same name with the public directory',
79 silly audit report       severity: 'low',
79 silly audit report       vulnerable_versions: '<=5.4.19',
79 silly audit report       cwe: [Array],
79 silly audit report       cvss: [Object]
79 silly audit report     },
79 silly audit report     {
79 silly audit report       id: 1107327,
79 silly audit report       url: 'https://github.com/advisories/GHSA-jqfw-vq24-v9c3',
79 silly audit report       title: "Vite's `server.fs` settings were not applied to HTML files",
79 silly audit report       severity: 'low',
79 silly audit report       vulnerable_versions: '<=5.4.19',
79 silly audit report       cwe: [Array],
79 silly audit report       cvss: [Object]
79 silly audit report     },
79 silly audit report     {
79 silly audit report       id: 1109132,
79 silly audit report       url: 'https://github.com/advisories/GHSA-93m4-6634-74q7',
79 silly audit report       title: 'vite allows server.fs.deny bypass via backslash on Windows',
79 silly audit report       severity: 'moderate',
79 silly audit report       vulnerable_versions: '>=4.5.3 <5.0.0',
79 silly audit report       cwe: [Array],
79 silly audit report       cvss: [Object]
79 silly audit report     }
79 silly audit report   ]
79 silly audit report }
80 silly packumentCache corgi:https://registry.npmjs.org/esbuild cache-miss
81 silly packumentCache corgi:https://registry.npmjs.org/vite cache-miss
82 http fetch GET 200 https://registry.npmjs.org/esbuild 59ms (cache revalidated)
83 silly packumentCache corgi:https://registry.npmjs.org/esbuild set size:877737 disposed:false
84 http fetch GET 200 https://registry.npmjs.org/vite 122ms (cache revalidated)
85 silly packumentCache corgi:https://registry.npmjs.org/vite set size:2175375 disposed:false
86 silly ADD
87 silly ADD
88 silly ADD
89 silly ADD
90 silly ADD
91 silly ADD
92 silly ADD
93 silly ADD
94 silly ADD
95 silly ADD
96 silly ADD
97 silly ADD
98 silly ADD
99 silly ADD
100 silly ADD
101 silly ADD
102 silly ADD
103 silly ADD
104 silly ADD
105 silly ADD
106 silly ADD
107 silly ADD
108 silly ADD
109 silly ADD
110 silly ADD
111 silly ADD
112 silly ADD
113 silly ADD
114 silly ADD
115 silly ADD
116 verbose cwd /Users/michaelfuby/Documents/Development/Plexus-Mesh/plexus-mesh/plexus-ui
117 verbose os Darwin 25.2.0
118 verbose node v22.19.0
119 verbose npm  v10.9.3
120 verbose exit 0
121 info ok
